2010-06-07 12:22:26 Warning: Warning (2): Invalid argument supplied for foreach() in [APP\views\usuarios\index.ctp, line 15]
2010-06-07 18:45:03 Warning: Warning (2): Invalid argument supplied for foreach() in [APP\app_helper.php, line 107]
2010-06-07 19:12:30 Warning: Warning (2): Invalid argument supplied for foreach() in [APP\app_helper.php, line 107]
2010-06-07 19:13:04 Warning: Warning (2): Invalid argument supplied for foreach() in [APP\views\cursos\modulos.ctp, line 18]
2010-06-07 19:13:50 Warning: Warning (2): Invalid argument supplied for foreach() in [APP\views\cursos\modulos.ctp, line 19]
2010-06-07 19:14:23 Warning: Warning (2): Invalid argument supplied for foreach() in [APP\views\cursos\modulos.ctp, line 19]
2010-06-08 17:20:24 Warning: Warning (2): Invalid argument supplied for foreach() in [APP\app_helper.php, line 107]
2010-06-08 17:20:24 Warning: Warning (2): Invalid argument supplied for foreach() in [APP\app_helper.php, line 107]
2010-06-08 17:20:33 Warning: Warning (2): Invalid argument supplied for foreach() in [APP\app_helper.php, line 107]
2010-06-08 17:20:34 Warning: Warning (2): Invalid argument supplied for foreach() in [APP\app_helper.php, line 107]
2010-06-08 17:20:34 Warning: Warning (2): Invalid argument supplied for foreach() in [APP\app_helper.php, line 107]
2010-06-08 17:20:37 Warning: Warning (2): Invalid argument supplied for foreach() in [APP\app_helper.php, line 107]
2010-06-08 17:20:37 Warning: Warning (2): Invalid argument supplied for foreach() in [APP\app_helper.php, line 107]
2010-06-08 17:20:37 Warning: Warning (2): Invalid argument supplied for foreach() in [APP\app_helper.php, line 107]
2010-06-08 17:20:39 Warning: Warning (2): Invalid argument supplied for foreach() in [APP\app_helper.php, line 107]
2010-06-08 17:20:39 Warning: Warning (2): Invalid argument supplied for foreach() in [APP\app_helper.php, line 107]
2010-06-08 17:20:39 Warning: Warning (2): Invalid argument supplied for foreach() in [APP\app_helper.php, line 107]
2010-06-08 17:21:25 Warning: Warning (2): Invalid argument supplied for foreach() in [APP\app_helper.php, line 107]
2010-06-08 17:22:54 Warning: Warning (2): Invalid argument supplied for foreach() in [APP\app_helper.php, line 107]
2010-06-08 17:22:54 Warning: Warning (2): Invalid argument supplied for foreach() in [APP\app_helper.php, line 107]
2010-06-09 15:17:49 Warning: Warning (2): Invalid argument supplied for foreach() in [APP\views\cursos\orden.ctp, line 305]
2010-06-09 15:41:11 Warning: Warning (512): <span style = "color:Red;text-align:left"><b>SQL Error:</b> 1054: Unknown column 'Curso.hora' in 'field list'</span> in [CORE\cake\libs\model\datasources\dbo_source.php, line 527]
2010-06-09 15:45:11 Warning: Warning (512): <span style = "color:Red;text-align:left"><b>SQL Error:</b> 1054: Unknown column 'ModuloCursos.curso_id' in 'where clause'</span> in [CORE\cake\libs\model\datasources\dbo_source.php, line 527]
2010-06-09 15:45:49 Warning: Warning (512): <span style = "color:Red;text-align:left"><b>SQL Error:</b> 1054: Unknown column 'ModuloCursos.curso_id' in 'where clause'</span> in [CORE\cake\libs\model\datasources\dbo_source.php, line 527]
2010-06-09 15:46:20 Warning: Warning (512): <span style = "color:Red;text-align:left"><b>SQL Error:</b> 1054: Unknown column 'ModuloCursos.curso_id' in 'where clause'</span> in [CORE\cake\libs\model\datasources\dbo_source.php, line 527]
2010-06-09 15:58:20 Warning: Warning (512): <span style = "color:Red;text-align:left"><b>SQL Error:</b> 1054: Unknown column 'Curso.nombre' in 'field list'</span> in [CORE\cake\libs\model\datasources\dbo_source.php, line 527]
2010-06-09 15:59:16 Warning: Warning (512): <span style = "color:Red;text-align:left"><b>SQL Error:</b> 1054: Unknown column 'Curso.nivel' in 'order clause'</span> in [CORE\cake\libs\model\datasources\dbo_source.php, line 527]
2010-06-09 16:05:52 Warning: Warning (512): <span style = "color:Red;text-align:left"><b>SQL Error:</b> 1054: Unknown column 'a.curso_id' in 'where clause'</span> in [CORE\cake\libs\model\datasources\dbo_source.php, line 527]
2010-06-09 16:05:52 Warning: Warning (2): Invalid argument supplied for foreach() in [APP\controllers\cursos_controller.php, line 495]
2010-06-09 16:05:53 Warning: Warning (2): Invalid argument supplied for foreach() in [APP\views\cursos\orden.ctp, line 8]
2010-06-09 16:08:58 Warning: Warning (2): Invalid argument supplied for foreach() in [APP\controllers\cursos_controller.php, line 495]
2010-06-09 16:08:58 Warning: Warning (2): Invalid argument supplied for foreach() in [APP\views\cursos\orden.ctp, line 8]
2010-06-09 16:09:11 Warning: Warning (2): Invalid argument supplied for foreach() in [APP\controllers\cursos_controller.php, line 495]
2010-06-09 16:09:11 Warning: Warning (2): Invalid argument supplied for foreach() in [APP\views\cursos\orden.ctp, line 8]
2010-06-09 16:09:17 Warning: Warning (2): Invalid argument supplied for foreach() in [APP\views\cursos\orden.ctp, line 8]
2010-06-09 16:26:11 Warning: Warning (2): Invalid argument supplied for foreach() in [APP\views\cursos\orden.ctp, line 8]
2010-06-09 16:26:55 Warning: Warning (2): Invalid argument supplied for foreach() in [APP\views\cursos\orden.ctp, line 8]
2010-06-09 16:28:41 Warning: Warning (512): Method HtmlHelper::input does not exist in [CORE\cake\libs\view\helper.php, line 143]
2010-06-09 16:28:54 Warning: Warning (2): Missing argument 1 for FormHelper::input(), called in E:\wamp\www\Deyde\views\cursos\orden.ctp on line 11 and defined in [CORE\cake\libs\view\helpers\form.php, line 585]
2010-06-09 17:44:03 Warning: Warning (2): Invalid argument supplied for foreach() in [APP\views\cursos\orden.ctp, line 7]
2010-06-09 17:49:05 Warning: Warning (512): Method HtmlHelper::values does not exist in [CORE\cake\libs\view\helper.php, line 143]
2010-06-09 17:49:17 Warning: Warning (512): Method HtmlHelper::values does not exist in [CORE\cake\libs\view\helper.php, line 143]
2010-06-09 20:14:53 Warning: Warning (2): Invalid argument supplied for foreach() in [APP\views\cursos\lists.ctp, line 135]
2010-06-09 20:15:10 Warning: Warning (2): Invalid argument supplied for foreach() in [APP\views\cursos\lists.ctp, line 135]
2010-06-09 20:24:16 Warning: Warning (512): <span style = "color:Red;text-align:left"><b>SQL Error:</b> 1054: Unknown column 'Modulo.orden' in 'order clause'</span> in [CORE\cake\libs\model\datasources\dbo_source.php, line 527]
2010-06-09 20:24:17 Warning: Warning (2): Invalid argument supplied for foreach() in [APP\views\cursos\uview.ctp, line 73]
2010-06-10 11:51:54 Warning: Warning (2): Invalid argument supplied for foreach() in [APP\views\cursos\uview.ctp, line 140]
2010-06-10 11:52:09 Warning: Warning (2): Invalid argument supplied for foreach() in [APP\views\cursos\uview.ctp, line 140]
2010-06-10 13:33:39 Warning: Warning (2): Invalid argument supplied for foreach() in [APP\views\cursos\umview.ctp, line 144]
2010-06-10 13:34:46 Warning: Warning (2): Invalid argument supplied for foreach() in [APP\views\cursos\umview.ctp, line 125]
2010-06-10 16:25:58 Warning: Warning (2): array_merge() [<a href='http://php.net/function.array-merge'>function.array-merge</a>]: Argument #2 is not an array in [CORE\cake\libs\model\model.php, line 1519]
2010-06-10 16:25:58 Warning: Warning (2): Cannot modify header information - headers already sent by (output started at E:\wamp\www\cake\libs\debugger.php:514) in [CORE\cake\libs\controller\controller.php, line 647]
2010-06-10 16:49:18 Warning: Warning (2): ksort() expects parameter 1 to be array, null given in [APP\views\cursos\uview.ctp, line 91]
2010-06-10 16:49:18 Warning: Warning (2): Invalid argument supplied for foreach() in [APP\views\cursos\uview.ctp, line 93]
2010-06-11 15:51:27 Warning: Warning (2): session_regenerate_id() [<a href='http://php.net/function.session-regenerate-id'>function.session-regenerate-id</a>]: Session object destruction failed in [CORE\cake\libs\session.php, line 598]
2010-06-11 15:51:27 Warning: Warning (2): date() expects at least 1 parameter, 0 given in [APP\views\cursos\umview.ctp, line 144]
2010-06-11 15:51:27 Warning: Warning (2): date() expects at least 1 parameter, 0 given in [APP\views\cursos\umview.ctp, line 144]
2010-06-11 16:15:32 Warning: Warning (512): Method FormHelper::format does not exist in [CORE\cake\libs\view\helper.php, line 143]
2010-06-11 16:17:03 Warning: Warning (512): Method HtmlHelper::format does not exist in [CORE\cake\libs\view\helper.php, line 143]
2010-06-14 11:38:29 Warning: Warning (2): Wrong parameter count for min() in [APP\views\cursos\uview.ctp, line 125]
2010-06-14 11:38:29 Warning: Warning (2): Wrong parameter count for min() in [APP\views\cursos\uview.ctp, line 127]
2010-06-14 11:39:13 Warning: Warning (2): Wrong parameter count for min() in [APP\views\cursos\uview.ctp, line 125]
2010-06-14 11:39:13 Warning: Warning (2): Wrong parameter count for min() in [APP\views\cursos\uview.ctp, line 127]
2010-06-14 11:40:32 Warning: Warning (2): Wrong parameter count for min() in [APP\views\cursos\uview.ctp, line 125]
2010-06-14 11:40:32 Warning: Warning (2): Wrong parameter count for min() in [APP\views\cursos\uview.ctp, line 127]
2010-06-14 11:40:41 Warning: Warning (2): Wrong parameter count for min() in [APP\views\cursos\uview.ctp, line 125]
2010-06-14 11:40:41 Warning: Warning (2): Wrong parameter count for min() in [APP\views\cursos\uview.ctp, line 127]
2010-06-14 11:42:44 Warning: Warning (2): Wrong parameter count for min() in [APP\views\cursos\uview.ctp, line 125]
2010-06-14 11:42:45 Warning: Warning (2): Wrong parameter count for min() in [APP\views\cursos\uview.ctp, line 127]
2010-06-14 11:42:45 Warning: Warning (2): Invalid argument supplied for foreach() in [APP\views\cursos\uview.ctp, line 209]
2010-06-14 11:45:41 Warning: Warning (2): Wrong parameter count for min() in [APP\views\cursos\uview.ctp, line 125]
2010-06-14 11:45:41 Warning: Warning (2): Wrong parameter count for min() in [APP\views\cursos\uview.ctp, line 127]
2010-06-14 11:45:41 Warning: Warning (2): Invalid argument supplied for foreach() in [APP\views\cursos\uview.ctp, line 214]
2010-06-14 11:46:33 Warning: Warning (2): Wrong parameter count for min() in [APP\views\cursos\uview.ctp, line 125]
2010-06-14 11:46:33 Warning: Warning (2): Wrong parameter count for min() in [APP\views\cursos\uview.ctp, line 127]
2010-06-14 11:46:33 Warning: Warning (2): Invalid argument supplied for foreach() in [APP\views\cursos\uview.ctp, line 153]
2010-06-14 11:47:03 Warning: Warning (2): Wrong parameter count for min() in [APP\views\cursos\uview.ctp, line 125]
2010-06-14 11:47:04 Warning: Warning (2): Wrong parameter count for min() in [APP\views\cursos\uview.ctp, line 127]
2010-06-14 11:47:04 Warning: Warning (2): Invalid argument supplied for foreach() in [APP\views\cursos\uview.ctp, line 153]
2010-06-14 11:47:17 Warning: Warning (2): Wrong parameter count for min() in [APP\views\cursos\uview.ctp, line 125]
2010-06-14 11:47:18 Warning: Warning (2): Wrong parameter count for min() in [APP\views\cursos\uview.ctp, line 127]
2010-06-14 11:47:18 Warning: Warning (2): Invalid argument supplied for foreach() in [APP\views\cursos\uview.ctp, line 153]
2010-06-14 11:50:56 Warning: Warning (2): Wrong parameter count for min() in [APP\views\cursos\uview.ctp, line 125]
2010-06-14 11:50:56 Warning: Warning (2): Wrong parameter count for min() in [APP\views\cursos\uview.ctp, line 127]
2010-06-14 11:50:56 Warning: Warning (2): Invalid argument supplied for foreach() in [APP\views\cursos\uview.ctp, line 214]
2010-06-14 11:51:16 Warning: Warning (2): Wrong parameter count for min() in [APP\views\cursos\uview.ctp, line 125]
2010-06-14 11:51:16 Warning: Warning (2): Wrong parameter count for min() in [APP\views\cursos\uview.ctp, line 127]
2010-06-14 11:51:16 Warning: Warning (2): Invalid argument supplied for foreach() in [APP\views\cursos\uview.ctp, line 215]
2010-06-14 11:52:10 Warning: Warning (2): Wrong parameter count for min() in [APP\views\cursos\uview.ctp, line 125]
2010-06-14 11:52:10 Warning: Warning (2): Wrong parameter count for min() in [APP\views\cursos\uview.ctp, line 127]
2010-06-14 11:52:39 Warning: Warning (2): Wrong parameter count for min() in [APP\views\cursos\uview.ctp, line 125]
2010-06-14 11:52:39 Warning: Warning (2): Wrong parameter count for min() in [APP\views\cursos\uview.ctp, line 127]
2010-06-14 11:52:39 Warning: Warning (2): Invalid argument supplied for foreach() in [APP\views\cursos\uview.ctp, line 156]
2010-06-14 11:52:52 Warning: Warning (2): Wrong parameter count for min() in [APP\views\cursos\uview.ctp, line 125]
2010-06-14 11:52:52 Warning: Warning (2): Wrong parameter count for min() in [APP\views\cursos\uview.ctp, line 127]
2010-06-14 11:52:52 Warning: Warning (2): Invalid argument supplied for foreach() in [APP\views\cursos\uview.ctp, line 156]
2010-06-14 11:53:45 Warning: Warning (2): Wrong parameter count for min() in [APP\views\cursos\uview.ctp, line 125]
2010-06-14 11:53:45 Warning: Warning (2): Wrong parameter count for min() in [APP\views\cursos\uview.ctp, line 127]
2010-06-14 11:53:45 Warning: Warning (2): Invalid argument supplied for foreach() in [APP\views\cursos\uview.ctp, line 156]
2010-06-14 11:55:06 Warning: Warning (2): Wrong parameter count for min() in [APP\views\cursos\uview.ctp, line 125]
2010-06-14 11:55:06 Warning: Warning (2): Wrong parameter count for min() in [APP\views\cursos\uview.ctp, line 127]
2010-06-14 11:55:06 Warning: Warning (2): Invalid argument supplied for foreach() in [APP\views\cursos\uview.ctp, line 157]
2010-06-14 11:56:58 Warning: Warning (2): Wrong parameter count for min() in [APP\views\cursos\uview.ctp, line 125]
2010-06-14 11:56:58 Warning: Warning (2): Wrong parameter count for min() in [APP\views\cursos\uview.ctp, line 127]
2010-06-14 11:56:58 Warning: Warning (2): Invalid argument supplied for foreach() in [APP\views\cursos\uview.ctp, line 157]
2010-06-14 12:03:46 Warning: Warning (2): Wrong parameter count for min() in [APP\views\cursos\uview.ctp, line 125]
2010-06-14 12:03:46 Warning: Warning (2): Wrong parameter count for min() in [APP\views\cursos\uview.ctp, line 127]
2010-06-14 12:04:00 Warning: Warning (2): Wrong parameter count for min() in [APP\views\cursos\uview.ctp, line 125]
2010-06-14 12:04:00 Warning: Warning (2): Wrong parameter count for min() in [APP\views\cursos\uview.ctp, line 127]
2010-06-14 12:05:19 Warning: Warning (2): Wrong parameter count for min() in [APP\views\cursos\uview.ctp, line 125]
2010-06-14 12:05:19 Warning: Warning (2): Wrong parameter count for min() in [APP\views\cursos\uview.ctp, line 127]
2010-06-14 12:06:33 Warning: Warning (2): Wrong parameter count for min() in [APP\views\cursos\uview.ctp, line 125]
2010-06-14 12:06:33 Warning: Warning (2): Wrong parameter count for min() in [APP\views\cursos\uview.ctp, line 127]
2010-06-14 12:07:57 Warning: Warning (2): Wrong parameter count for min() in [APP\views\cursos\uview.ctp, line 125]
2010-06-14 12:07:57 Warning: Warning (2): Wrong parameter count for min() in [APP\views\cursos\uview.ctp, line 127]
2010-06-14 12:08:07 Warning: Warning (2): Wrong parameter count for min() in [APP\views\cursos\uview.ctp, line 125]
2010-06-14 12:08:07 Warning: Warning (2): Wrong parameter count for min() in [APP\views\cursos\uview.ctp, line 127]
2010-06-14 12:18:27 Warning: Warning (2): Wrong parameter count for min() in [APP\views\cursos\uview.ctp, line 125]
2010-06-14 12:18:27 Warning: Warning (2): Wrong parameter count for min() in [APP\views\cursos\uview.ctp, line 127]
2010-06-14 12:20:14 Warning: Warning (2): Wrong parameter count for min() in [APP\views\cursos\uview.ctp, line 125]
2010-06-14 12:20:14 Warning: Warning (2): Wrong parameter count for min() in [APP\views\cursos\uview.ctp, line 127]
2010-06-14 12:21:02 Warning: Warning (2): Wrong parameter count for min() in [APP\views\cursos\uview.ctp, line 125]
2010-06-14 12:21:02 Warning: Warning (2): Wrong parameter count for min() in [APP\views\cursos\uview.ctp, line 127]
2010-06-14 12:31:29 Warning: Warning (2): Wrong parameter count for min() in [APP\views\cursos\uview.ctp, line 125]
2010-06-14 12:31:29 Warning: Warning (2): Wrong parameter count for min() in [APP\views\cursos\uview.ctp, line 127]
2010-06-14 12:33:15 Warning: Warning (2): Wrong parameter count for min() in [APP\views\cursos\uview.ctp, line 125]
2010-06-14 12:33:15 Warning: Warning (2): Wrong parameter count for min() in [APP\views\cursos\uview.ctp, line 127]
2010-06-14 12:33:22 Warning: Warning (2): Wrong parameter count for min() in [APP\views\cursos\uview.ctp, line 125]
2010-06-14 12:33:23 Warning: Warning (2): Wrong parameter count for min() in [APP\views\cursos\uview.ctp, line 127]
2010-06-14 12:33:50 Warning: Warning (2): Wrong parameter count for min() in [APP\views\cursos\uview.ctp, line 125]
2010-06-14 12:33:51 Warning: Warning (2): Wrong parameter count for min() in [APP\views\cursos\uview.ctp, line 127]
2010-06-14 12:36:38 Warning: Warning (2): Wrong parameter count for min() in [APP\views\cursos\uview.ctp, line 125]
2010-06-14 12:36:38 Warning: Warning (2): Wrong parameter count for min() in [APP\views\cursos\uview.ctp, line 127]
2010-06-14 12:36:58 Warning: Warning (2): Wrong parameter count for min() in [APP\views\cursos\uview.ctp, line 125]
2010-06-14 12:36:58 Warning: Warning (2): Wrong parameter count for min() in [APP\views\cursos\uview.ctp, line 127]
2010-06-14 12:39:08 Warning: Warning (2): Wrong parameter count for min() in [APP\views\cursos\uview.ctp, line 125]
2010-06-14 12:39:08 Warning: Warning (2): Wrong parameter count for min() in [APP\views\cursos\uview.ctp, line 127]
2010-06-14 13:16:20 Warning: Warning (2): Wrong parameter count for min() in [APP\views\cursos\uview.ctp, line 125]
2010-06-14 13:16:20 Warning: Warning (2): Wrong parameter count for min() in [APP\views\cursos\uview.ctp, line 127]
2010-06-14 13:16:30 Warning: Warning (2): Wrong parameter count for min() in [APP\views\cursos\uview.ctp, line 125]
2010-06-14 13:16:30 Warning: Warning (2): Wrong parameter count for min() in [APP\views\cursos\uview.ctp, line 127]
2010-06-14 13:16:34 Warning: Warning (2): Wrong parameter count for min() in [APP\views\cursos\uview.ctp, line 125]
2010-06-14 13:16:35 Warning: Warning (2): Wrong parameter count for min() in [APP\views\cursos\uview.ctp, line 127]
2010-06-14 13:17:37 Warning: Warning (2): Wrong parameter count for min() in [APP\views\cursos\uview.ctp, line 125]
2010-06-14 13:17:37 Warning: Warning (2): Wrong parameter count for min() in [APP\views\cursos\uview.ctp, line 127]
2010-06-14 13:18:15 Warning: Warning (2): Wrong parameter count for min() in [APP\views\cursos\uview.ctp, line 125]
2010-06-14 13:18:15 Warning: Warning (2): Wrong parameter count for min() in [APP\views\cursos\uview.ctp, line 127]
2010-06-14 13:25:37 Warning: Warning (2): Wrong parameter count for min() in [APP\views\cursos\uview.ctp, line 125]
2010-06-14 13:25:37 Warning: Warning (2): Wrong parameter count for min() in [APP\views\cursos\uview.ctp, line 127]
2010-06-14 13:25:52 Warning: Warning (2): Wrong parameter count for min() in [APP\views\cursos\uview.ctp, line 125]
2010-06-14 13:25:52 Warning: Warning (2): Wrong parameter count for min() in [APP\views\cursos\uview.ctp, line 127]
2010-06-14 13:26:10 Warning: Warning (2): Wrong parameter count for min() in [APP\views\cursos\uview.ctp, line 125]
2010-06-14 13:26:10 Warning: Warning (2): Wrong parameter count for min() in [APP\views\cursos\uview.ctp, line 127]
2010-06-14 13:30:16 Warning: Warning (2): Wrong parameter count for min() in [APP\views\cursos\uview.ctp, line 125]
2010-06-14 13:30:16 Warning: Warning (2): Wrong parameter count for min() in [APP\views\cursos\uview.ctp, line 127]
2010-06-14 13:30:37 Warning: Warning (2): Wrong parameter count for min() in [APP\views\cursos\uview.ctp, line 125]
2010-06-14 13:30:38 Warning: Warning (2): Wrong parameter count for min() in [APP\views\cursos\uview.ctp, line 127]
2010-06-14 13:31:01 Warning: Warning (2): Wrong parameter count for min() in [APP\views\cursos\uview.ctp, line 125]
2010-06-14 13:31:01 Warning: Warning (2): Wrong parameter count for min() in [APP\views\cursos\uview.ctp, line 127]
2010-06-14 13:31:22 Warning: Warning (2): Wrong parameter count for min() in [APP\views\cursos\uview.ctp, line 125]
2010-06-14 13:31:22 Warning: Warning (2): Wrong parameter count for min() in [APP\views\cursos\uview.ctp, line 127]
2010-06-14 13:33:31 Warning: Warning (2): Wrong parameter count for min() in [APP\views\cursos\uview.ctp, line 125]
2010-06-14 13:33:31 Warning: Warning (2): Wrong parameter count for min() in [APP\views\cursos\uview.ctp, line 127]
2010-06-14 13:35:17 Warning: Warning (2): Wrong parameter count for min() in [APP\views\cursos\uview.ctp, line 125]
2010-06-14 13:35:17 Warning: Warning (2): Wrong parameter count for min() in [APP\views\cursos\uview.ctp, line 127]
2010-06-14 13:35:37 Warning: Warning (2): Wrong parameter count for min() in [APP\views\cursos\uview.ctp, line 125]
2010-06-14 13:35:38 Warning: Warning (2): Wrong parameter count for min() in [APP\views\cursos\uview.ctp, line 127]
2010-06-14 13:35:52 Warning: Warning (2): Wrong parameter count for min() in [APP\views\cursos\uview.ctp, line 125]
2010-06-14 13:35:52 Warning: Warning (2): Wrong parameter count for min() in [APP\views\cursos\uview.ctp, line 127]
2010-06-14 13:36:23 Warning: Warning (2): Wrong parameter count for min() in [APP\views\cursos\uview.ctp, line 125]
2010-06-14 13:36:23 Warning: Warning (2): Wrong parameter count for min() in [APP\views\cursos\uview.ctp, line 127]
2010-06-14 13:36:38 Warning: Warning (2): Wrong parameter count for min() in [APP\views\cursos\uview.ctp, line 125]
2010-06-14 13:36:38 Warning: Warning (2): Wrong parameter count for min() in [APP\views\cursos\uview.ctp, line 127]
2010-06-14 13:36:47 Warning: Warning (2): Wrong parameter count for min() in [APP\views\cursos\uview.ctp, line 125]
2010-06-14 13:36:47 Warning: Warning (2): Wrong parameter count for min() in [APP\views\cursos\uview.ctp, line 127]
2010-06-14 13:37:06 Warning: Warning (2): Wrong parameter count for min() in [APP\views\cursos\uview.ctp, line 125]
2010-06-14 13:37:06 Warning: Warning (2): Wrong parameter count for min() in [APP\views\cursos\uview.ctp, line 127]
2010-06-14 13:37:27 Warning: Warning (2): Wrong parameter count for min() in [APP\views\cursos\uview.ctp, line 125]
2010-06-14 13:37:27 Warning: Warning (2): Wrong parameter count for min() in [APP\views\cursos\uview.ctp, line 127]
2010-06-22 13:49:34 Warning: Warning (2): Invalid argument supplied for foreach() in [APP\app_helper.php, line 107]
2010-06-24 13:03:13 Warning: Warning (2): Invalid argument supplied for foreach() in [APP\app_helper.php, line 107]
2010-06-24 13:04:14 Warning: Warning (2): Invalid argument supplied for foreach() in [APP\app_helper.php, line 107]
2010-06-24 15:52:00 Warning: Warning (2): Invalid argument supplied for foreach() in [APP\app_helper.php, line 107]
2010-06-24 15:52:21 Warning: Warning (2): Invalid argument supplied for foreach() in [APP\app_helper.php, line 107]
2010-06-24 16:05:27 Warning: Warning (2): Invalid argument supplied for foreach() in [APP\views\contenidos\index.ctp, line 131]
2010-06-24 16:06:14 Warning: Warning (2): Invalid argument supplied for foreach() in [APP\views\contenidos\index.ctp, line 119]
2010-06-24 16:07:39 Warning: Warning (2): Invalid argument supplied for foreach() in [APP\views\contenidos\index.ctp, line 76]
2010-06-24 16:28:22 Warning: Warning (2): Invalid argument supplied for foreach() in [APP\views\contenidos\index.ctp, line 16]
2010-06-24 16:29:39 Warning: Warning (2): Invalid argument supplied for foreach() in [APP\views\contenidos\index.ctp, line 16]
2010-06-24 16:42:40 Warning: Warning (2): Invalid argument supplied for foreach() in [APP\views\contenidos\index.ctp, line 16]
2010-06-24 17:34:19 Warning: Warning (2): Invalid argument supplied for foreach() in [APP\app_helper.php, line 107]
2010-06-24 17:36:00 Warning: Warning (2): Invalid argument supplied for foreach() in [APP\app_helper.php, line 107]
2010-06-24 17:58:08 Warning: Warning (2): Invalid argument supplied for foreach() in [APP\app_helper.php, line 107]
2010-06-24 17:58:19 Warning: Warning (2): Invalid argument supplied for foreach() in [APP\app_helper.php, line 107]
2010-06-24 18:25:44 Warning: Warning (2): Invalid argument supplied for foreach() in [APP\app_helper.php, line 107]
2010-06-24 18:27:57 Warning: Warning (2): Invalid argument supplied for foreach() in [APP\app_helper.php, line 107]
2010-06-24 18:28:43 Warning: Warning (2): move_uploaded_file(E:\wamp\www\Deyde\webroot\files\contenidos\23868.jpg) [<a href='http://php.net/function.move-uploaded-file'>function.move-uploaded-file</a>]: failed to open stream: No such file or directory in [APP\plugins\file_upload\vendors\uploader.php, line 90]
2010-06-24 18:28:43 Warning: Warning (2): move_uploaded_file() [<a href='http://php.net/function.move-uploaded-file'>function.move-uploaded-file</a>]: Unable to move 'E:\wamp\tmp\php88.tmp' to 'E:\wamp\www\Deyde\webroot\files\contenidos\23868.jpg' in [APP\plugins\file_upload\vendors\uploader.php, line 90]
2010-06-24 18:28:43 Warning: Warning (2): Cannot modify header information - headers already sent by (output started at E:\wamp\www\cake\basics.php:307) in [CORE\cake\libs\controller\controller.php, line 647]
2010-06-24 18:44:53 Warning: Warning (512): <span style = "color:Red;text-align:left"><b>SQL Error:</b> 1054: Unknown column 'Array' in 'field list'</span> in [CORE\cake\libs\model\datasources\dbo_source.php, line 527]
2010-06-24 18:47:39 Warning: Warning (512): <span style = "color:Red;text-align:left"><b>SQL Error:</b> 1054: Unknown column 'Array' in 'field list'</span> in [CORE\cake\libs\model\datasources\dbo_source.php, line 527]
2010-06-24 18:47:39 Warning: Warning (2): Cannot modify header information - headers already sent by (output started at E:\wamp\www\cake\basics.php:307) in [CORE\cake\libs\controller\controller.php, line 647]
2010-06-24 18:48:00 Warning: Warning (512): <span style = "color:Red;text-align:left"><b>SQL Error:</b> 1054: Unknown column 'Array' in 'field list'</span> in [CORE\cake\libs\model\datasources\dbo_source.php, line 527]
2010-06-24 18:49:01 Warning: Warning (512): <span style = "color:Red;text-align:left"><b>SQL Error:</b> 1054: Unknown column 'Array' in 'field list'</span> in [CORE\cake\libs\model\datasources\dbo_source.php, line 527]
2010-06-24 18:51:08 Warning: Warning (512): <span style = "color:Red;text-align:left"><b>SQL Error:</b> 1054: Unknown column 'Array' in 'field list'</span> in [CORE\cake\libs\model\datasources\dbo_source.php, line 527]
2010-06-24 18:51:09 Warning: Warning (2): Invalid argument supplied for foreach() in [APP\app_helper.php, line 107]
2010-06-24 18:52:02 Warning: Warning (2): Invalid argument supplied for foreach() in [APP\app_helper.php, line 107]
2010-06-24 18:52:44 Warning: Warning (2): Invalid argument supplied for foreach() in [APP\app_helper.php, line 107]
2010-06-24 18:52:55 Warning: Warning (2): Invalid argument supplied for foreach() in [APP\app_helper.php, line 107]
2010-06-24 18:53:59 Warning: Warning (2): Invalid argument supplied for foreach() in [APP\app_helper.php, line 107]
2010-06-24 18:59:36 Warning: Warning (2): Invalid argument supplied for foreach() in [APP\app_helper.php, line 107]
2010-06-24 19:01:27 Warning: Warning (512): <span style = "color:Red;text-align:left"><b>SQL Error:</b> 1054: Unknown column 'Contenido.objetivo' in 'field list'</span> in [CORE\cake\libs\model\datasources\dbo_source.php, line 527]
2010-06-24 19:01:27 Warning: Warning (2): Invalid argument supplied for foreach() in [APP\views\tipo_cursos\home.ctp, line 57]
2010-06-24 19:01:28 Warning: Warning (512): <span style = "color:Red;text-align:left"><b>SQL Error:</b> 1054: Unknown column 'Contenido.objetivo' in 'field list'</span> in [CORE\cake\libs\model\datasources\dbo_source.php, line 527]
2010-06-24 19:01:28 Warning: Warning (2): Invalid argument supplied for foreach() in [APP\views\tipo_cursos\home.ctp, line 57]
2010-06-24 19:19:29 Warning: Warning (2): Invalid argument supplied for foreach() in [APP\app_helper.php, line 107]
2010-06-24 19:20:43 Warning: Warning (2): Invalid argument supplied for foreach() in [APP\app_helper.php, line 107]
2010-06-24 19:43:28 Warning: Warning (512): <span style = "color:Red;text-align:left"><b>SQL Error:</b> 1054: Unknown column 'c.nombre' in 'field list'</span> in [CORE\cake\libs\model\datasources\dbo_source.php, line 527]
2010-06-24 19:43:28 Warning: Warning (2): Invalid argument supplied for foreach() in [APP\controllers\cursos_controller.php, line 98]
2010-06-25 10:07:16 Warning: Warning (2): Invalid argument supplied for foreach() in [APP\controllers\cursos_controller.php, line 98]
2010-06-25 10:08:22 Warning: Warning (2): Invalid argument supplied for foreach() in [APP\controllers\cursos_controller.php, line 98]
2010-06-25 10:47:13 Warning: Warning (2): Invalid argument supplied for foreach() in [APP\controllers\cursos_controller.php, line 65]
2010-06-25 11:08:36 Warning: Warning (512): <span style = "color:Red;text-align:left"><b>SQL Error:</b> 1064: You have an error in your SQL syntax; check the manual that corresponds to your MySQL server version for the right syntax to use near 'distinct(a.nombre), b.id, b.nombre
					FROM
						cursos a, areas b, area_curso' at line 2</span> in [CORE\cake\libs\model\datasources\dbo_source.php, line 527]
2010-06-25 11:08:36 Warning: Warning (2): Invalid argument supplied for foreach() in [APP\controllers\cursos_controller.php, line 162]
2010-06-25 11:09:24 Warning: Warning (512): <span style = "color:Red;text-align:left"><b>SQL Error:</b> 1064: You have an error in your SQL syntax; check the manual that corresponds to your MySQL server version for the right syntax to use near 'distinct(a.nombre), b.id, b.nombre
					FROM
						cursos a, areas b, area_curso' at line 2</span> in [CORE\cake\libs\model\datasources\dbo_source.php, line 527]
2010-06-25 11:09:24 Warning: Warning (2): Invalid argument supplied for foreach() in [APP\controllers\cursos_controller.php, line 164]
2010-06-25 11:13:38 Warning: Warning (512): <span style = "color:Red;text-align:left"><b>SQL Error:</b> 1064: You have an error in your SQL syntax; check the manual that corresponds to your MySQL server version for the right syntax to use near 'a.id' at line 12</span> in [CORE\cake\libs\model\datasources\dbo_source.php, line 527]
2010-06-25 11:13:38 Warning: Warning (2): Invalid argument supplied for foreach() in [APP\controllers\cursos_controller.php, line 101]
2010-06-28 13:25:31 Warning: Warning (2): Invalid argument supplied for foreach() in [APP\app_helper.php, line 107]
2010-06-28 16:26:38 Warning: Warning (2): Invalid argument supplied for foreach() in [APP\app_helper.php, line 107]
2010-06-28 16:26:54 Warning: Warning (512): <span style = "color:Red;text-align:left"><b>SQL Error:</b> 1064: You have an error in your SQL syntax; check the manual that corresponds to your MySQL server version for the right syntax to use near '' at line 10</span> in [CORE\cake\libs\model\datasources\dbo_source.php, line 527]
2010-06-28 16:26:54 Warning: Warning (2): Invalid argument supplied for foreach() in [APP\controllers\tipo_cursos_controller.php, line 47]
2010-06-28 16:42:23 Warning: Warning (2): Invalid argument supplied for foreach() in [APP\views\tipo_cursos\sitemap.ctp, line 26]
2010-06-28 16:47:40 Warning: Warning (2): Invalid argument supplied for foreach() in [APP\views\tipo_cursos\sitemap.ctp, line 19]
2010-06-28 17:13:49 Warning: Warning (2): Invalid argument supplied for foreach() in [APP\views\tipo_cursos\sitemap.ctp, line 29]
2010-06-28 17:16:15 Warning: Warning (2): Invalid argument supplied for foreach() in [APP\views\tipo_cursos\sitemap.ctp, line 22]
2010-06-28 17:17:19 Warning: Warning (2): Invalid argument supplied for foreach() in [APP\views\tipo_cursos\sitemap.ctp, line 22]
2010-06-28 17:17:33 Warning: Warning (2): Invalid argument supplied for foreach() in [APP\views\tipo_cursos\sitemap.ctp, line 22]
2010-06-28 17:17:38 Warning: Warning (2): Invalid argument supplied for foreach() in [APP\views\tipo_cursos\sitemap.ctp, line 22]
2010-06-28 17:18:24 Warning: Warning (2): Invalid argument supplied for foreach() in [APP\views\tipo_cursos\sitemap.ctp, line 22]
2010-06-28 17:20:14 Warning: Warning (2): Invalid argument supplied for foreach() in [APP\views\tipo_cursos\sitemap.ctp, line 22]
2010-06-28 17:20:43 Warning: Warning (2): Invalid argument supplied for foreach() in [APP\views\tipo_cursos\sitemap.ctp, line 22]
2010-06-28 17:23:14 Warning: Warning (2): Invalid argument supplied for foreach() in [APP\views\tipo_cursos\sitemap.ctp, line 29]
2010-06-28 17:26:54 Warning: Warning (2): Invalid argument supplied for foreach() in [APP\views\tipo_cursos\sitemap.ctp, line 29]
2010-06-28 18:35:02 Warning: Warning (2): Invalid argument supplied for foreach() in [APP\app_helper.php, line 107]
2010-06-28 18:35:59 Warning: Warning (2): Invalid argument supplied for foreach() in [APP\app_helper.php, line 107]
2010-06-28 18:38:11 Warning: Warning (2): Invalid argument supplied for foreach() in [APP\app_helper.php, line 107]
2010-06-28 18:40:47 Warning: Warning (2): Invalid argument supplied for foreach() in [APP\app_helper.php, line 107]
2010-06-28 18:41:21 Warning: Warning (2): Invalid argument supplied for foreach() in [APP\app_helper.php, line 107]
2010-06-28 18:42:36 Warning: Warning (2): Invalid argument supplied for foreach() in [APP\app_helper.php, line 107]
2010-06-28 18:44:47 Warning: Warning (2): Invalid argument supplied for foreach() in [APP\app_helper.php, line 107]
2010-06-28 18:47:55 Warning: Warning (2): Invalid argument supplied for foreach() in [APP\app_helper.php, line 107]
2010-06-28 18:48:20 Warning: Warning (2): Invalid argument supplied for foreach() in [APP\app_helper.php, line 107]
2010-06-28 18:48:54 Warning: Warning (2): Invalid argument supplied for foreach() in [APP\app_helper.php, line 107]
2010-06-28 18:50:19 Warning: Warning (2): Invalid argument supplied for foreach() in [APP\app_helper.php, line 107]
2010-06-28 18:50:50 Warning: Warning (2): Invalid argument supplied for foreach() in [APP\app_helper.php, line 107]
2010-06-28 18:53:08 Warning: Warning (2): Invalid argument supplied for foreach() in [APP\app_helper.php, line 107]
2010-06-28 18:53:54 Warning: Warning (2): Invalid argument supplied for foreach() in [APP\app_helper.php, line 107]
2010-06-28 18:54:38 Warning: Warning (2): Invalid argument supplied for foreach() in [APP\app_helper.php, line 107]
2010-06-28 18:57:05 Warning: Warning (2): Invalid argument supplied for foreach() in [APP\app_helper.php, line 107]
2010-06-28 18:58:41 Warning: Warning (2): Invalid argument supplied for foreach() in [APP\app_helper.php, line 107]
2010-06-28 18:59:06 Warning: Warning (2): Invalid argument supplied for foreach() in [APP\app_helper.php, line 107]
2010-06-28 19:03:34 Warning: Warning (2): Invalid argument supplied for foreach() in [APP\app_helper.php, line 107]
2010-06-28 19:04:42 Warning: Warning (2): Invalid argument supplied for foreach() in [APP\app_helper.php, line 107]
2010-06-28 19:05:13 Warning: Warning (2): Invalid argument supplied for foreach() in [APP\app_helper.php, line 107]
2010-06-28 19:06:05 Warning: Warning (2): Invalid argument supplied for foreach() in [APP\app_helper.php, line 107]
2010-06-28 19:06:56 Warning: Warning (2): Invalid argument supplied for foreach() in [APP\app_helper.php, line 107]
2010-06-28 19:07:39 Warning: Warning (2): Invalid argument supplied for foreach() in [APP\app_helper.php, line 107]
2010-06-28 19:07:59 Warning: Warning (2): Invalid argument supplied for foreach() in [APP\app_helper.php, line 107]
2010-06-28 19:10:42 Warning: Warning (2): Invalid argument supplied for foreach() in [APP\app_helper.php, line 107]
2010-06-28 19:10:52 Warning: Warning (2): Invalid argument supplied for foreach() in [APP\app_helper.php, line 107]
2010-06-28 19:11:08 Warning: Warning (2): Invalid argument supplied for foreach() in [APP\app_helper.php, line 107]
2010-06-28 19:12:58 Warning: Warning (2): Invalid argument supplied for foreach() in [APP\app_helper.php, line 107]
2010-06-28 19:13:16 Warning: Warning (2): Invalid argument supplied for foreach() in [APP\app_helper.php, line 107]
2010-06-28 19:13:27 Warning: Warning (2): Invalid argument supplied for foreach() in [APP\app_helper.php, line 107]
2010-06-28 19:13:32 Warning: Warning (2): Invalid argument supplied for foreach() in [APP\app_helper.php, line 107]
2010-06-28 19:14:51 Warning: Warning (2): Invalid argument supplied for foreach() in [APP\app_helper.php, line 107]
2010-06-28 19:15:11 Warning: Warning (2): Invalid argument supplied for foreach() in [APP\app_helper.php, line 107]
2010-06-28 19:15:32 Warning: Warning (2): Invalid argument supplied for foreach() in [APP\app_helper.php, line 107]
2010-06-28 19:16:05 Warning: Warning (2): Invalid argument supplied for foreach() in [APP\app_helper.php, line 107]
2010-06-28 19:16:38 Warning: Warning (2): Invalid argument supplied for foreach() in [APP\app_helper.php, line 107]
2010-06-28 19:17:05 Warning: Warning (2): Invalid argument supplied for foreach() in [APP\app_helper.php, line 107]
2010-06-28 19:17:33 Warning: Warning (2): Invalid argument supplied for foreach() in [APP\app_helper.php, line 107]
2010-06-28 19:19:02 Warning: Warning (2): Invalid argument supplied for foreach() in [APP\app_helper.php, line 107]
2010-06-28 19:19:16 Warning: Warning (2): Invalid argument supplied for foreach() in [APP\app_helper.php, line 107]
2010-06-28 19:19:24 Warning: Warning (2): Invalid argument supplied for foreach() in [APP\app_helper.php, line 107]
2010-06-28 19:19:37 Warning: Warning (2): Invalid argument supplied for foreach() in [APP\app_helper.php, line 107]
2010-06-28 19:19:42 Warning: Warning (2): Invalid argument supplied for foreach() in [APP\app_helper.php, line 107]
2010-06-28 19:19:59 Warning: Warning (2): Invalid argument supplied for foreach() in [APP\app_helper.php, line 107]
2010-06-28 19:20:09 Warning: Warning (2): Invalid argument supplied for foreach() in [APP\app_helper.php, line 107]
2010-06-28 19:20:18 Warning: Warning (2): Invalid argument supplied for foreach() in [APP\app_helper.php, line 107]
2010-06-28 19:30:51 Warning: Warning (2): Invalid argument supplied for foreach() in [APP\app_helper.php, line 107]
2010-06-28 19:36:27 Warning: Warning (2): Invalid argument supplied for foreach() in [APP\app_helper.php, line 107]
2010-06-28 19:48:30 Warning: Warning (2): Invalid argument supplied for foreach() in [APP\app_helper.php, line 107]
2010-06-28 19:48:40 Warning: Warning (2): Invalid argument supplied for foreach() in [APP\app_helper.php, line 107]
2010-06-28 19:50:39 Warning: Warning (2): Invalid argument supplied for foreach() in [APP\app_helper.php, line 107]
2010-06-29 16:18:11 Warning: Warning (2): Invalid argument supplied for foreach() in [APP\app_helper.php, line 107]
2010-06-29 16:32:06 Warning: Warning (2): Invalid argument supplied for foreach() in [APP\app_helper.php, line 107]
2010-06-29 18:31:20 Warning: Warning (2): Invalid argument supplied for foreach() in [APP\app_helper.php, line 107]
2010-06-29 18:31:24 Warning: Warning (2): Invalid argument supplied for foreach() in [APP\app_helper.php, line 107]
2010-06-29 19:21:48 Warning: Warning (2): Invalid argument supplied for foreach() in [APP\app_helper.php, line 107]
2010-06-29 19:56:58 Warning: Warning (2): Invalid argument supplied for foreach() in [APP\app_helper.php, line 107]
2010-06-29 20:05:18 Warning: Warning (2): Invalid argument supplied for foreach() in [APP\app_helper.php, line 107]
2010-06-29 20:20:26 Warning: Warning (2): Invalid argument supplied for foreach() in [APP\app_helper.php, line 107]
2010-06-29 20:20:44 Warning: Warning (2): Invalid argument supplied for foreach() in [APP\app_helper.php, line 107]
2010-06-29 20:20:56 Warning: Warning (2): Invalid argument supplied for foreach() in [APP\app_helper.php, line 107]
2010-06-29 20:21:06 Warning: Warning (2): Invalid argument supplied for foreach() in [APP\app_helper.php, line 107]
2010-06-29 20:21:20 Warning: Warning (2): Invalid argument supplied for foreach() in [APP\app_helper.php, line 107]
2010-06-29 20:21:32 Warning: Warning (2): Invalid argument supplied for foreach() in [APP\app_helper.php, line 107]
2010-06-29 20:21:51 Warning: Warning (2): Invalid argument supplied for foreach() in [APP\app_helper.php, line 107]
2010-06-29 20:22:03 Warning: Warning (2): Invalid argument supplied for foreach() in [APP\app_helper.php, line 107]
2010-06-29 20:22:25 Warning: Warning (2): Invalid argument supplied for foreach() in [APP\app_helper.php, line 107]
2010-06-29 20:22:39 Warning: Warning (2): Invalid argument supplied for foreach() in [APP\app_helper.php, line 107]
2010-06-29 20:24:10 Warning: Warning (2): Invalid argument supplied for foreach() in [APP\app_helper.php, line 107]
2010-06-30 10:29:04 Warning: Warning (2): Invalid argument supplied for foreach() in [APP\app_helper.php, line 107]
2010-06-30 10:45:46 Warning: Warning (2): Invalid argument supplied for foreach() in [APP\app_helper.php, line 107]
2010-06-30 10:45:59 Warning: Warning (2): Invalid argument supplied for foreach() in [APP\app_helper.php, line 107]
2010-06-30 10:46:07 Warning: Warning (2): Invalid argument supplied for foreach() in [APP\app_helper.php, line 107]
2010-06-30 10:46:23 Warning: Warning (2): Invalid argument supplied for foreach() in [APP\app_helper.php, line 107]
2010-06-30 12:22:47 Warning: Warning (2): Invalid argument supplied for foreach() in [APP\app_helper.php, line 107]
2010-06-30 12:29:29 Warning: Warning (2): Invalid argument supplied for foreach() in [APP\app_helper.php, line 107]
2010-06-30 12:29:52 Warning: Warning (2): Invalid argument supplied for foreach() in [APP\app_helper.php, line 107]
2010-06-30 12:32:08 Warning: Warning (2): Invalid argument supplied for foreach() in [APP\app_helper.php, line 107]
2010-06-30 18:10:14 Warning: Warning (2): Invalid argument supplied for foreach() in [APP\app_helper.php, line 107]
2010-06-30 18:18:11 Warning: Warning (2): Invalid argument supplied for foreach() in [APP\app_helper.php, line 107]
2010-06-30 18:18:55 Warning: Warning (2): Invalid argument supplied for foreach() in [APP\app_helper.php, line 107]
2010-06-30 18:19:09 Warning: Warning (2): Invalid argument supplied for foreach() in [APP\app_helper.php, line 107]
2010-06-30 18:19:29 Warning: Warning (2): Invalid argument supplied for foreach() in [APP\app_helper.php, line 107]
2010-06-30 18:20:19 Warning: Warning (2): Invalid argument supplied for foreach() in [APP\app_helper.php, line 107]
2010-06-30 18:22:19 Warning: Warning (2): Invalid argument supplied for foreach() in [APP\app_helper.php, line 107]
2010-06-30 18:23:35 Warning: Warning (2): Invalid argument supplied for foreach() in [APP\app_helper.php, line 107]
2010-06-30 19:01:48 Warning: Warning (2): Invalid argument supplied for foreach() in [APP\app_helper.php, line 107]
2010-07-06 15:55:14 Warning: Warning (2): Invalid argument supplied for foreach() in [APP\app_helper.php, line 107]
2010-07-06 16:53:05 Warning: Warning (2): Invalid argument supplied for foreach() in [APP\app_helper.php, line 107]
2010-07-06 16:58:57 Warning: Warning (2): Invalid argument supplied for foreach() in [APP\app_helper.php, line 107]
2010-07-06 16:59:17 Warning: Warning (2): Invalid argument supplied for foreach() in [APP\app_helper.php, line 107]
2010-07-06 17:11:34 Warning: Warning (2): Invalid argument supplied for foreach() in [APP\app_helper.php, line 107]
2010-07-06 17:45:41 Warning: Warning (2): Invalid argument supplied for foreach() in [APP\app_helper.php, line 107]
2010-07-07 12:53:05 Warning: Warning (2): Invalid argument supplied for foreach() in [APP\app_helper.php, line 107]
2010-07-07 12:53:09 Warning: Warning (2): Invalid argument supplied for foreach() in [APP\app_helper.php, line 107]
2010-07-07 12:53:38 Warning: Warning (2): Invalid argument supplied for foreach() in [APP\app_helper.php, line 107]
